<?xml version="1.0" encoding="UTF-8"?>
<!-- Generated by org.testng.reporters.JUnitXMLReporter -->
<testsuite ignored="0" hostname="DESKTOP-B659M31" failures="0" tests="4" name="Surefire test" time="1.463" errors="0" timestamp="2024-09-26T06:24:56 IST">
  <testcase classname="fileReadTest.filesTest" name="WriteFilesExceal" time="1.336"/>
  <testcase classname="fileReadTest.filesTest" name="WriteFilesproperties" time="0.005"/>
  <testcase classname="fileReadTest.filesTest" name="readFilestext" time="0.018"/>
  <testcase classname="fileReadTest.filesTest" name="writeFilestext" time="0.005"/>
</testsuite> <!-- Surefire test -->
