<?xml version="1.0" encoding="UTF-8"?>
<!-- Generated by org.testng.reporters.JUnitXMLReporter -->
<testsuite ignored="3" hostname="DESKTOP-B659M31" failures="0" tests="3" name="Default test" time="0.167" errors="0" timestamp="2024-09-28T10:08:52 IST">
  <testcase classname="fileReadTest.DataProviders" name="updateUser" time="0.044"/>
  <testcase classname="fileReadTest.DataProviders" name="updateUser" time="0.026"/>
  <testcase classname="fileReadTest.DataProviders" name="updateUser" time="0.035"/>
  <testcase classname="fileReadTest.DataProviders" name="delateUser" time="0.0">
    <ignored/>
  </testcase> <!-- delateUser -->
  <testcase classname="fileReadTest.DataProviders" name="addUser" time="0.0">
    <ignored/>
  </testcase> <!-- addUser -->
  <testcase classname="fileReadTest.DataProviders" name="getUser" time="0.0">
    <ignored/>
  </testcase> <!-- getUser -->
</testsuite> <!-- Default test -->
