<?xml version="1.0" encoding="UTF-8"?>
<!-- Generated by org.testng.reporters.JUnitXMLReporter -->
<testsuite ignored="2" hostname="DESKTOP-B659M31" failures="0" tests="2" name="Test1" time="0.168" errors="0" timestamp="2024-09-27T18:55:33 IST">
  <testcase classname="fileReadTest.DependsOnMethods" name="addUser" time="0.026"/>
  <testcase classname="fileReadTest.DependsOnMethods" name="delateUser" time="0.006"/>
  <testcase classname="fileReadTest.DependsOnMethods" name="getUser" time="0.0">
    <ignored/>
  </testcase> <!-- getUser -->
  <testcase classname="fileReadTest.DependsOnMethods" name="updateUser" time="0.0">
    <ignored/>
  </testcase> <!-- updateUser -->
</testsuite> <!-- Test1 -->
