<?xml version="1.0" encoding="UTF-8"?>
<!-- Generated by org.testng.reporters.JUnitXMLReporter -->
<testsuite ignored="0" hostname="DESKTOP-B659M31" failures="0" tests="6" name="Test" time="1.552" errors="0" timestamp="2024-09-26T21:01:18 IST">
  <testcase classname="fileReadTest.filesTest" name="WriteFilesExceal" time="1.188"/>
  <testcase classname="fileReadTest.filesTest" name="WriteFilesproperties" time="0.114"/>
  <testcase classname="fileReadTest.filesTest" name="readFilesExceal" time="0.004"/>
  <testcase classname="fileReadTest.filesTest" name="readFilesproperties" time="0.005"/>
  <testcase classname="fileReadTest.filesTest" name="readFilestext" time="0.009"/>
  <testcase classname="fileReadTest.filesTest" name="writeFilestext" time="0.019"/>
</testsuite> <!-- Test -->
