<?xml version="1.0" encoding="UTF-8"?>
<!-- Generated by org.testng.reporters.JUnitXMLReporter -->
<testsuite ignored="0" hostname="DESKTOP-B659M31" failures="0" tests="4" name="Test2" time="0.06" errors="0" timestamp="2024-09-26T21:21:18 IST">
  <testcase classname="fileReadTest.PriorityRestAPI" name="addUser" time="0.004"/>
  <testcase classname="fileReadTest.PriorityRestAPI" name="getUser" time="0.005"/>
  <testcase classname="fileReadTest.PriorityRestAPI" name="updateUser" time="0.008"/>
  <testcase classname="fileReadTest.PriorityRestAPI" name="delateUser" time="0.002"/>
</testsuite> <!-- Test2 -->
