<?xml version="1.0" encoding="UTF-8"?>
<testsuite xmlns:xsi="http://www.w3.org/2001/XMLSchema-instance" xsi:noNamespaceSchemaLocation="https://maven.apache.org/surefire/maven-surefire-plugin/xsd/surefire-test-report-3.0.xsd" version="3.0" name="fileReadTest.filesTest" time="3.021" tests="4" errors="0" skipped="0" failures="0">
  <properties>
[...]
</properties>
  <testcase name="WriteFilesExceal" classname="fileReadTest.filesTest" time="1.338">
    <system-out><![CDATA[2024-09-26T00:54:55.278889900Z main ERROR Log4j2 could not find a logging implementation. Please add log4j-core to the classpath. Using SimpleLogger to log to the console...
It is ok
]]></system-out>
    <system-err><![CDATA[SLF4J: Failed to load class "org.slf4j.impl.StaticLoggerBinder".
SLF4J: Defaulting to no-operation (NOP) logger implementation
SLF4J: See http://www.slf4j.org/codes.html#StaticLoggerBinder for further details.
]]></system-err>
  </testcase>
  <testcase name="WriteFilesproperties" classname="fileReadTest.filesTest" time="0.021">
    <system-out><![CDATA[It is ok
]]></system-out>
  </testcase>
  <testcase name="readFilestext" classname="fileReadTest.filesTest" time="0.077">
    <system-out><![CDATA[&amp#0;&amp#0;&amp#0;&amp#0;&amp#0;&amp#0;&amp#0;&amp#0;&amp#0;&amp#0;&amp#0;&amp#0;&amp#0;&amp#0;&amp#0;&amp#0;&amp#0;&amp#0;&amp#0;&amp#0;&amp#0;&amp#0;&amp#0;&amp#0;&amp#0;&amp#0;&amp#0;&amp#0;&amp#0;&amp#0;&amp#0;&amp#0;&amp#0;&amp#0;
]]></system-out>
  </testcase>
  <testcase name="writeFilestext" classname="fileReadTest.filesTest" time="0.004">
    <system-out><![CDATA[It is ok
]]></system-out>
  </testcase>
</testsuite>