<?xml version="1.0" encoding="UTF-8"?>
<testng-results ignored="0" total="4" passed="4" failed="0" skipped="0">
  <reporter-output>
  </reporter-output>
  <suite started-at="2024-09-26T06:24:54 IST" name="Surefire suite" finished-at="2024-09-26T06:24:56 IST" duration-ms="1463">
    <groups>
    </groups>
    <test started-at="2024-09-26T06:24:54 IST" name="Surefire test" finished-at="2024-09-26T06:24:56 IST" duration-ms="1463">
      <class name="fileReadTest.filesTest">
        <test-method signature="WriteFilesExceal()[pri:0, instance:fileReadTest.filesTest@52102734]" started-at="2024-09-26T06:24:54 IST" name="WriteFilesExceal" finished-at="2024-09-26T06:24:56 IST" duration-ms="1336" status="PASS">
          <reporter-output>
          </reporter-output>
        </test-method> <!-- WriteFilesExceal -->
        <test-method signature="WriteFilesproperties()[pri:0, instance:fileReadTest.filesTest@52102734]" started-at="2024-09-26T06:24:56 IST" name="WriteFilesproperties" finished-at="2024-09-26T06:24:56 IST" duration-ms="5" status="PASS">
          <reporter-output>
          </reporter-output>
        </test-method> <!-- WriteFilesproperties -->
        <test-method signature="readFilestext()[pri:0, instance:fileReadTest.filesTest@52102734]" started-at="2024-09-26T06:24:56 IST" name="readFilestext" finished-at="2024-09-26T06:24:56 IST" duration-ms="18" status="PASS">
          <reporter-output>
          </reporter-output>
        </test-method> <!-- readFilestext -->
        <test-method signature="writeFilestext()[pri:0, instance:fileReadTest.filesTest@52102734]" started-at="2024-09-26T06:24:56 IST" name="writeFilestext" finished-at="2024-09-26T06:24:56 IST" duration-ms="5" status="PASS">
          <reporter-output>
          </reporter-output>
        </test-method> <!-- writeFilestext -->
      </class> <!-- fileReadTest.filesTest -->
    </test> <!-- Surefire test -->
  </suite> <!-- Surefire suite -->
</testng-results>
