<?xml version="1.0" encoding="UTF-8"?>
<testng-results ignored="0" total="3" passed="3" failed="0" skipped="0">
  <reporter-output>
  </reporter-output>
  <suite started-at="2024-09-28T10:08:52 IST" name="Default suite" finished-at="2024-09-28T10:08:52 IST" duration-ms="167">
    <groups>
    </groups>
    <test started-at="2024-09-28T10:08:52 IST" name="Default test" finished-at="2024-09-28T10:08:52 IST" duration-ms="167">
      <class name="fileReadTest.DataProviders">
        <test-method signature="updateUser([Ljava.lang.Object;)[pri:0, instance:fileReadTest.DataProviders@6fdbe764]" started-at="2024-09-28T10:08:52 IST" name="updateUser" data-provider="double" finished-at="2024-09-28T10:08:52 IST" duration-ms="26" status="PASS">
          <params>
            <param index="0">
              <value>
                <![CDATA[[Ljava.lang.Object;@7dc19a70]]>
              </value>
            </param>
          </params>
          <reporter-output>
          </reporter-output>
        </test-method> <!-- updateUser -->
        <test-method signature="updateUser([Ljava.lang.Object;)[pri:0, instance:fileReadTest.DataProviders@6fdbe764]" started-at="2024-09-28T10:08:52 IST" name="updateUser" data-provider="double" finished-at="2024-09-28T10:08:52 IST" duration-ms="44" status="PASS">
          <params>
            <param index="0">
              <value>
                <![CDATA[[Ljava.lang.Object;@508dec2b]]>
              </value>
            </param>
          </params>
          <reporter-output>
          </reporter-output>
        </test-method> <!-- updateUser -->
        <test-method signature="updateUser([Ljava.lang.Object;)[pri:0, instance:fileReadTest.DataProviders@6fdbe764]" started-at="2024-09-28T10:08:52 IST" name="updateUser" data-provider="double" finished-at="2024-09-28T10:08:52 IST" duration-ms="35" status="PASS">
          <params>
            <param index="0">
              <value>
                <![CDATA[[Ljava.lang.Object;@1e4f4a5c]]>
              </value>
            </param>
          </params>
          <reporter-output>
          </reporter-output>
        </test-method> <!-- updateUser -->
      </class> <!-- fileReadTest.DataProviders -->
    </test> <!-- Default test -->
  </suite> <!-- Default suite -->
</testng-results>
